<?xml version="1.0" encoding="UTF-8"?>
<!-- Generated by org.testng.reporters.JUnitReportReporter -->
<testsuite hostname="DESKTOP-P6F1DDQ" failures="0" tests="1" name="testCases.TC_001_AccountRegistrationTest" time="4.487" errors="0" timestamp="2024-06-13T19:07:01 IST" skipped="0">
  <testcase classname="testCases.TC_001_AccountRegistrationTest" name="verify_account_registration" time="4.487"/>
</testsuite> <!-- testCases.TC_001_AccountRegistrationTest -->
