<?xml version="1.0" encoding="UTF-8"?>
<!-- Generated by org.testng.reporters.JUnitReportReporter -->
<testsuite hostname="DESKTOP-P6F1DDQ" failures="0" tests="1" name="testCases.TC_002_LoginTest" time="2.324" errors="0" timestamp="2024-06-17T15:38:15 IST" skipped="0">
  <testcase classname="testCases.TC_002_LoginTest" name="verify_login" time="2.324"/>
</testsuite> <!-- testCases.TC_002_LoginTest -->
